2025-06-20T21:55:15.176Z,https://valentine.rediscoverysoftware.com/MADetailB.aspx?rID=PHC0158/-0006#V.2002.29.474&db=biblio&dir=VALARCH ,success
2025-06-20T22:33:56.819Z,https://valentine.rediscoverysoftware.com/mDetail.aspx?rID=X.2019.15.28&db=objects&dir=VALCOLL ,success
2025-06-21T01:42:00.560Z,https://valentine.rediscoverysoftware.com/MADetailB.aspx?rID=/-#V.2010.17.395&db=biblio&dir=VALARCH ,success
2025-06-21T04:26:03.250Z,https://valentine.rediscoverysoftware.com/MADetailB.aspx?rID=/-#V.68.1853.404&db=biblio&dir=VALARCH ,success
2025-06-21T08:26:57.265Z,https://valentine.rediscoverysoftware.com/MADetailB.aspx?rID=PHC0017/-#P.71.50.183&db=biblio&dir=VALARCH ,success
2025-06-21T12:38:35.012Z,https://valentine.rediscoverysoftware.com/mDetail.aspx?rID=V.2018.82.06&db=objects&dir=VALCOLL ,success
2025-06-21T16:24:46.591Z,,success
2025-06-21T20:21:36.111Z,https://valentine.rediscoverysoftware.com/MADetailB.aspx?rID=PHC0039/-#V.91.42.319&db=biblio&dir=VALARCH ,success
2025-06-22T01:52:16.578Z,https://valentine.rediscoverysoftware.com/mDetail.aspx?rID=V.90.182.02&db=objects&dir=VALCOLL ,success
2025-06-22T04:31:49.304Z,https://valentine.rediscoverysoftware.com/MADetailB.aspx?rID=PHC0039/-#V.91.42.1091&db=biblio&dir=VALARCH ,success
2025-06-22T08:26:31.765Z,https://valentine.rediscoverysoftware.com/MADetailB.aspx?rID=PHC0076/-#V.91.04.1771&db=biblio&dir=VALARCH ,success
2025-06-22T12:40:15.798Z,https://valentine.rediscoverysoftware.com/mDetail.aspx?rID=V.71.243&db=objects&dir=VALCOLL ,success
2025-06-22T16:24:20.643Z,https://valentine.rediscoverysoftware.com/MADetailB.aspx?rID=PHC0039/-#V.91.42.1379&db=biblio&dir=VALARCH ,success
2025-06-22T20:21:54.595Z,https://valentine.rediscoverysoftware.com/MADetailB.aspx?rID=PHC0039/-#V.79.120.1154.02&db=biblio&dir=VALARCH ,success
2025-06-23T01:49:37.626Z,https://valentine.rediscoverysoftware.com/MADetailB.aspx?rID=PHC0076/-#V.91.04.1104&db=biblio&dir=VALARCH ,success
2025-06-23T04:35:56.642Z,https://valentine.rediscoverysoftware.com/MADetailB.aspx?rID=/-#V.68.1853.523&db=biblio&dir=VALARCH ,success
2025-06-23T08:32:21.195Z,https://valentine.rediscoverysoftware.com/mDetail.aspx?rID=V.2017.115.01&db=objects&dir=VALCOLL ,success
2025-06-23T12:45:48.370Z,https://valentine.rediscoverysoftware.com/MADetailB.aspx?rID=PHC0039/-#V.91.42.2420&db=biblio&dir=VALARCH ,success
2025-06-23T16:29:53.011Z,https://valentine.rediscoverysoftware.com/MADetailB.aspx?rID=PHC0154/-0001#V.2022.23.158&db=biblio&dir=VALARCH ,success
2025-06-23T20:25:38.901Z,https://valentine.rediscoverysoftware.com/mDetail.aspx?rID=V.2019.58.02&db=objects&dir=VALCOLL ,success
2025-06-24T01:45:04.692Z,https://valentine.rediscoverysoftware.com/MADetailB.aspx?rID=PHC0015/-0001.0009#V.86.153.844&db=biblio&dir=VALARCH ,success
2025-06-24T04:35:29.652Z,https://valentine.rediscoverysoftware.com/mDetail.aspx?rID=V.62.104.9&db=objects&dir=VALCOLL ,success
2025-06-24T08:31:19.835Z,https://valentine.rediscoverysoftware.com/MADetailB.aspx?rID=PHC0039/-#V.79.120.297&db=biblio&dir=VALARCH ,success
2025-06-24T12:45:08.200Z,https://valentine.rediscoverysoftware.com/MADetailB.aspx?rID=PHC0015/-0001.0014#V.86.153.592&db=biblio&dir=VALARCH ,success
2025-06-24T16:30:21.837Z,https://valentine.rediscoverysoftware.com/mDetail.aspx?rID=V.96.66.01a%2Cb&db=objects&dir=VALCOLL ,success
2025-06-24T20:27:01.491Z,https://valentine.rediscoverysoftware.com/mDetail.aspx?rID=V.72.409a-c&db=objects&dir=VALCOLL ,success
2025-06-25T01:46:29.292Z,https://valentine.rediscoverysoftware.com/MADetailB.aspx?rID=PHC0047/-0077#Cook1767&db=biblio&dir=VALARCH ,success
2025-06-25T04:33:49.604Z,https://valentine.rediscoverysoftware.com/MADetailB.aspx?rID=PHC0015/-0005.0092#V.86.153.763&db=biblio&dir=VALARCH ,success
2025-06-25T08:32:13.843Z,https://valentine.rediscoverysoftware.com/MADetailB.aspx?rID=/-#V.2018.48.11&db=biblio&dir=VALARCH ,success
2025-06-25T12:45:42.866Z,https://valentine.rediscoverysoftware.com/mDetail.aspx?rID=V.2019.21.24&db=objects&dir=VALCOLL ,success
2025-06-25T16:30:13.579Z,https://valentine.rediscoverysoftware.com/mDetail.aspx?rID=V.2019.26.04&db=objects&dir=VALCOLL ,success
2025-06-25T20:24:18.503Z,https://valentine.rediscoverysoftware.com/MADetailB.aspx?rID=PHC0088/-0006#V.68.1872.102&db=biblio&dir=VALARCH ,success
2025-06-26T01:44:30.861Z,https://valentine.rediscoverysoftware.com/MADetailB.aspx?rID=PHC0032/0001-0001.0005#P.74.42.799&db=biblio&dir=VALARCH ,success
2025-06-26T04:30:58.160Z,https://valentine.rediscoverysoftware.com/mDetail.aspx?rID=FIC.008308&db=objects&dir=VALCOLL ,success
2025-06-26T08:30:54.751Z,https://valentine.rediscoverysoftware.com/mDetail.aspx?rID=V.2012.04.51&db=objects&dir=VALCOLL ,success
2025-06-26T12:45:19.403Z,https://valentine.rediscoverysoftware.com/MADetailB.aspx?rID=PHC0039/-#V.79.120.1570.01&db=biblio&dir=VALARCH ,success
2025-06-26T16:29:45.016Z,https://valentine.rediscoverysoftware.com/MADetailB.aspx?rID=PHC0072/-#V.2014.33.79&db=biblio&dir=VALARCH ,success
2025-06-26T20:27:46.765Z,https://valentine.rediscoverysoftware.com/mDetail.aspx?rID=V.79.151.01&db=objects&dir=VALCOLL ,success
2025-06-27T01:44:59.755Z,https://valentine.rediscoverysoftware.com/MADetailB.aspx?rID=/-#V.68.1853.396&db=biblio&dir=VALARCH ,success
2025-06-27T04:30:17.875Z,https://valentine.rediscoverysoftware.com/MADetailB.aspx?rID=PHC0047/-0086#Cook1983&db=biblio&dir=VALARCH ,success
2025-06-27T08:31:07.511Z,https://valentine.rediscoverysoftware.com/MADetailB.aspx?rID=/-#V.68.1853.2713&db=biblio&dir=VALARCH ,success
2025-06-27T12:42:49.398Z,https://valentine.rediscoverysoftware.com/MADetailB.aspx?rID=PHC0060/-#V.2018.13.59&db=biblio&dir=VALARCH ,success
2025-06-27T16:27:27.695Z,https://valentine.rediscoverysoftware.com/MADetailB.aspx?rID=/-#V.2006.21.251&db=biblio&dir=VALARCH ,success
2025-06-27T20:23:56.584Z,https://valentine.rediscoverysoftware.com/mDetail.aspx?rID=V.2019.108.03&db=objects&dir=VALCOLL ,success
2025-06-28T01:40:50.602Z,https://valentine.rediscoverysoftware.com/mDetail.aspx?rID=V.69.589&db=objects&dir=VALCOLL ,success
2025-06-28T04:25:42.786Z,https://valentine.rediscoverysoftware.com/mDetail.aspx?rID=X.63.02.03&db=objects&dir=VALCOLL ,success
2025-06-28T08:25:56.176Z,https://valentine.rediscoverysoftware.com/mDetail.aspx?rID=V.90.167.208%2C.209&db=objects&dir=VALCOLL ,success
